info @onlyoffice/documentation-declarations: start processing /api/2.0/Backup/getbackupschedule
info @onlyoffice/documentation-declarations: start processing /api/2.0/Backup/createbackupschedule
info @onlyoffice/documentation-declarations: start processing /api/2.0/Backup/deletebackupschedule
info @onlyoffice/documentation-declarations: start processing /api/2.0/Backup/startbackup
info @onlyoffice/documentation-declarations: start processing /api/2.0/Backup/getbackupprogress
info @onlyoffice/documentation-declarations: start processing /api/2.0/Backup/getbackuphistory
info @onlyoffice/documentation-declarations: start processing /api/2.0/Backup/deletebackup/{id}
info @onlyoffice/documentation-declarations: start processing /api/2.0/Backup/deletebackuphistory
info @onlyoffice/documentation-declarations: start processing /api/2.0/Backup/startrestore
info @onlyoffice/documentation-declarations: start processing /api/2.0/Backup/getrestoreprogress
info @onlyoffice/documentation-declarations: start processing /api/2.0/Backup/backuptmp
info @onlyoffice/documentation-declarations: start processing /api/2.0/Group
info @onlyoffice/documentation-declarations: start processing /api/2.0/Group/full
info @onlyoffice/documentation-declarations: start processing /api/2.0/Group/search
info @onlyoffice/documentation-declarations: start processing /api/2.0/Group/{groupid}
info @onlyoffice/documentation-declarations: start processing /api/2.0/Group/user/{userid}
info @onlyoffice/documentation-declarations: start processing /api/2.0/Group/{groupid}/members/{newgroupid}
info @onlyoffice/documentation-declarations: start processing /api/2.0/Group/{groupid}/members
info @onlyoffice/documentation-declarations: start processing /api/2.0/Group/{groupid}/manager
info @onlyoffice/documentation-declarations: start processing /api/2.0/people/{userid}/contacts
info @onlyoffice/documentation-declarations: start processing /api/2.0/people/phone
info @onlyoffice/documentation-declarations: start processing /api/2.0/people/{userid}/photo/thumbnails
info @onlyoffice/documentation-declarations: start processing /api/2.0/people/{userid}/photo
info @onlyoffice/documentation-declarations: start processing /api/2.0/people/reassign/progress/{userid}
info @onlyoffice/documentation-declarations: start processing /api/2.0/people/reassign/start
info @onlyoffice/documentation-declarations: start processing /api/2.0/people/reassign/terminate
info @onlyoffice/documentation-declarations: start processing /api/2.0/people/remove/progress/{userid}
info @onlyoffice/documentation-declarations: start processing /api/2.0/people/self/delete
info @onlyoffice/documentation-declarations: start processing /api/2.0/people/remove/start
info @onlyoffice/documentation-declarations: start processing /api/2.0/people/remove/terminate
info @onlyoffice/documentation-declarations: start processing /api/2.0/people/thirdparty/providers
info @onlyoffice/documentation-declarations: start processing /api/2.0/people/thirdparty/linkaccount
info @onlyoffice/documentation-declarations: start processing /api/2.0/people/thirdparty/signup
info @onlyoffice/documentation-declarations: start processing /api/2.0/people/thirdparty/unlinkaccount
info @onlyoffice/documentation-declarations: start processing /api/2.0/people/active
info @onlyoffice/documentation-declarations: start processing /api/2.0/people
info @onlyoffice/documentation-declarations: start processing /api/2.0/people/invite
info @onlyoffice/documentation-declarations: start processing /api/2.0/people/{userid}/password
info @onlyoffice/documentation-declarations: start processing /api/2.0/people/{userid}
info @onlyoffice/documentation-declarations: start processing /api/2.0/people/@self
info @onlyoffice/documentation-declarations: start processing /api/2.0/people/status/{status}/search
info @onlyoffice/documentation-declarations: start processing /api/2.0/people/email
info @onlyoffice/documentation-declarations: start processing /api/2.0/people/{username}
info @onlyoffice/documentation-declarations: start processing /api/2.0/people/status/{status}
info @onlyoffice/documentation-declarations: start processing /api/2.0/people/filter
info @onlyoffice/documentation-declarations: start processing /api/2.0/people/info
info @onlyoffice/documentation-declarations: start processing /api/2.0/people/search
info @onlyoffice/documentation-declarations: start processing /api/2.0/people/@search/{query}
info @onlyoffice/documentation-declarations: start processing /api/2.0/people/simple/filter
info @onlyoffice/documentation-declarations: start processing /api/2.0/people/register
info @onlyoffice/documentation-declarations: start processing /api/2.0/people/delete
info @onlyoffice/documentation-declarations: start processing /api/2.0/people/theme
info @onlyoffice/documentation-declarations: start processing /api/2.0/people/password
info @onlyoffice/documentation-declarations: start processing /api/2.0/people/activationstatus/{activationstatus}
info @onlyoffice/documentation-declarations: start processing /api/2.0/people/{userid}/culture
info @onlyoffice/documentation-declarations: start processing /api/2.0/people/type/{type}
info @onlyoffice/documentation-declarations: start processing /api/2.0/people/recalculatequota
info @onlyoffice/documentation-declarations: start processing /api/2.0/people/checkrecalculatequota
info @onlyoffice/documentation-declarations: start processing /api/2.0/people/quota
info @onlyoffice/documentation-declarations: start processing /api/2.0/people/room/{id}
info @onlyoffice/documentation-declarations: start processing /api/2.0/files/file/{fileId}/saveediting
info @onlyoffice/documentation-declarations: start processing /api/2.0/files/file/{fileId}/startedit
info @onlyoffice/documentation-declarations: start processing /api/2.0/files/file/{fileId}/trackeditfile
info @onlyoffice/documentation-declarations: start processing /api/2.0/files/file/{fileId}/openedit
info @onlyoffice/documentation-declarations: start processing /api/2.0/files/file/{fileId}/presigned
info @onlyoffice/documentation-declarations: start processing /api/2.0/files/file/{fileId}/sharedusers
info @onlyoffice/documentation-declarations: start processing /api/2.0/files/file/referencedata
info @onlyoffice/documentation-declarations: start processing /api/2.0/files/file/{fileId}/protectusers
info @onlyoffice/documentation-declarations: start processing /api/2.0/files/file/app-{fileId}/openedit
info @onlyoffice/documentation-declarations: start processing /api/2.0/files/docservice
info @onlyoffice/documentation-declarations: start processing /api/2.0/files/file/{fileId}/history
info @onlyoffice/documentation-declarations: start processing /api/2.0/files/file/{fileId}/checkconversion
info @onlyoffice/documentation-declarations: start processing /api/2.0/files/file/{fileId}/presigneduri
info @onlyoffice/documentation-declarations: start processing /api/2.0/files/file/{fileId}/copyas
info @onlyoffice/documentation-declarations: start processing /api/2.0/files/{folderId}/file
info @onlyoffice/documentation-declarations: start processing /api/2.0/files/{folderId}/html
info @onlyoffice/documentation-declarations: start processing /api/2.0/files/{folderId}/text
info @onlyoffice/documentation-declarations: start processing /api/2.0/files/file/{fileId}
info @onlyoffice/documentation-declarations: start processing /api/2.0/files/file/{fileId}/edit/diff
info @onlyoffice/documentation-declarations: start processing /api/2.0/files/file/{fileId}/edit/history
info @onlyoffice/documentation-declarations: start processing /api/2.0/files/file/{fileId}/lock
info @onlyoffice/documentation-declarations: start processing /api/2.0/files/file/{fileId}/restoreversion
info @onlyoffice/documentation-declarations: start processing /api/2.0/files/file/{fileId}/comment
info @onlyoffice/documentation-declarations: start processing /api/2.0/files/{fileId}/update
info @onlyoffice/documentation-declarations: start processing /api/2.0/files/{fileId}/properties
info @onlyoffice/documentation-declarations: start processing /api/2.0/files/file/{id}/link
info @onlyoffice/documentation-declarations: start processing /api/2.0/files/file/app-{fileId}
info @onlyoffice/documentation-declarations: start processing /api/2.0/files/@my/file
info @onlyoffice/documentation-declarations: start processing /api/2.0/files/@common/html
info @onlyoffice/documentation-declarations: start processing /api/2.0/files/@my/html
info @onlyoffice/documentation-declarations: start processing /api/2.0/files/@common/text
info @onlyoffice/documentation-declarations: start processing /api/2.0/files/@my/text
info @onlyoffice/documentation-declarations: start processing /api/2.0/files/thumbnails
warn @onlyoffice/documentation-declarations: unknown schema type: undefined
info @onlyoffice/documentation-declarations: start processing /api/2.0/files/batch/properties
info @onlyoffice/documentation-declarations: start processing /api/2.0/files/folder/{folderId}
info @onlyoffice/documentation-declarations: start processing /api/2.0/files/{folderId}
info @onlyoffice/documentation-declarations: start processing /api/2.0/files/folder/{folderId}/path
info @onlyoffice/documentation-declarations: start processing /api/2.0/files/{folderId}/subfolders
info @onlyoffice/documentation-declarations: start processing /api/2.0/files/{folderId}/news
info @onlyoffice/documentation-declarations: start processing /api/2.0/files/@common
info @onlyoffice/documentation-declarations: start processing /api/2.0/files/@favorites
info @onlyoffice/documentation-declarations: start processing /api/2.0/files/@my
info @onlyoffice/documentation-declarations: start processing /api/2.0/files/@privacy
info @onlyoffice/documentation-declarations: start processing /api/2.0/files/@projects
info @onlyoffice/documentation-declarations: start processing /api/2.0/files/@recent
info @onlyoffice/documentation-declarations: start processing /api/2.0/files/@root
info @onlyoffice/documentation-declarations: start processing /api/2.0/files/@share
info @onlyoffice/documentation-declarations: start processing /api/2.0/files/@templates
info @onlyoffice/documentation-declarations: start processing /api/2.0/files/@trash
info @onlyoffice/documentation-declarations: start processing /api/2.0/files/masterform/{fileId}/checkfillformdraft
info @onlyoffice/documentation-declarations: start processing /api/2.0/files/fileops/bulkdownload
info @onlyoffice/documentation-declarations: start processing /api/2.0/files/fileops/copy
info @onlyoffice/documentation-declarations: start processing /api/2.0/files/fileops/delete
info @onlyoffice/documentation-declarations: start processing /api/2.0/files/fileops/emptytrash
info @onlyoffice/documentation-declarations: start processing /api/2.0/files/fileops
info @onlyoffice/documentation-declarations: start processing /api/2.0/files/fileops/markasread
info @onlyoffice/documentation-declarations: start processing /api/2.0/files/fileops/move
info @onlyoffice/documentation-declarations: start processing /api/2.0/files/fileops/terminate/{id}
info @onlyoffice/documentation-declarations: start processing /api/2.0/files/{fileId}/sharedlinkAsync
info @onlyoffice/documentation-declarations: start processing /api/2.0/files/file/{fileId}/share
info @onlyoffice/documentation-declarations: start processing /api/2.0/files/folder/{folderId}/share
info @onlyoffice/documentation-declarations: start processing /api/2.0/files/{fileId}/setacelink
info @onlyoffice/documentation-declarations: start processing /api/2.0/files/file/{fileId}/publickeys
info @onlyoffice/documentation-declarations: start processing /api/2.0/files/file/{fileId}/sendeditornotify
info @onlyoffice/documentation-declarations: start processing /api/2.0/files/owner
info @onlyoffice/documentation-declarations: start processing /api/2.0/files/share
info @onlyoffice/documentation-declarations: start processing /api/2.0/files/share/{key}
info @onlyoffice/documentation-declarations: start processing /api/2.0/files/share/{key}/password
info @onlyoffice/documentation-declarations: start processing /api/2.0/files/thirdparty
info @onlyoffice/documentation-declarations: start processing /api/2.0/files/changedeleteconfrim
info @onlyoffice/documentation-declarations: start processing /api/2.0/files/settings/downloadtargz
info @onlyoffice/documentation-declarations: start processing /api/2.0/files/settings/favorites
info @onlyoffice/documentation-declarations: start processing /api/2.0/files/displayRecent
info @onlyoffice/documentation-declarations: start processing /api/2.0/files/settings/templates
info @onlyoffice/documentation-declarations: start processing /api/2.0/files/settings/external
info @onlyoffice/documentation-declarations: start processing /api/2.0/files/settings/externalsocialmedia
info @onlyoffice/documentation-declarations: start processing /api/2.0/files/forcesave
info @onlyoffice/documentation-declarations: start processing /api/2.0/files/settings
info @onlyoffice/documentation-declarations: start processing /api/2.0/files/info
info @onlyoffice/documentation-declarations: start processing /api/2.0/files/hideconfirmconvert
info @onlyoffice/documentation-declarations: start processing /api/2.0/files/@privacy/available
info @onlyoffice/documentation-declarations: start processing /api/2.0/files/storeforcesave
info @onlyoffice/documentation-declarations: start processing /api/2.0/files/storeoriginal
info @onlyoffice/documentation-declarations: start processing /api/2.0/files/keepnewfilename
info @onlyoffice/documentation-declarations: start processing /api/2.0/files/updateifexist
info @onlyoffice/documentation-declarations: start processing /api/2.0/files/settings/autocleanup
info @onlyoffice/documentation-declarations: start processing /api/2.0/files/settings/dafaultaccessrights
info @onlyoffice/documentation-declarations: start processing /api/2.0/files/file/{fileId}/recent
info @onlyoffice/documentation-declarations: start processing /api/2.0/files/favorites/{fileId}
info @onlyoffice/documentation-declarations: start processing /api/2.0/files/favorites
info @onlyoffice/documentation-declarations: start processing /api/2.0/files/templates
info @onlyoffice/documentation-declarations: start processing /api/2.0/files/thirdparty/capabilities
info @onlyoffice/documentation-declarations: start processing /api/2.0/files/wordpress
info @onlyoffice/documentation-declarations: start processing /api/2.0/files/thirdparty/{providerId}
info @onlyoffice/documentation-declarations: start processing /api/2.0/files/wordpress-delete
info @onlyoffice/documentation-declarations: start processing /api/2.0/files/thirdparty/common
info @onlyoffice/documentation-declarations: start processing /api/2.0/files/thirdparty/backup
info @onlyoffice/documentation-declarations: start processing /api/2.0/files/wordpress-info
info @onlyoffice/documentation-declarations: start processing /api/2.0/files/wordpress-save
info @onlyoffice/documentation-declarations: start processing /api/2.0/files/{folderId}/upload/create_session
info @onlyoffice/documentation-declarations: start processing /api/2.0/files/file/{fileId}/edit_session
info @onlyoffice/documentation-declarations: start processing /api/2.0/files/{folderId}/insert
info @onlyoffice/documentation-declarations: start processing /api/2.0/files/{folderId}/upload
info @onlyoffice/documentation-declarations: start processing /api/2.0/files/@common/insert
info @onlyoffice/documentation-declarations: start processing /api/2.0/files/@my/insert
info @onlyoffice/documentation-declarations: start processing /api/2.0/files/@common/upload
info @onlyoffice/documentation-declarations: start processing /api/2.0/files/@my/upload
info @onlyoffice/documentation-declarations: start processing /api/2.0/files/rooms
info @onlyoffice/documentation-declarations: start processing /api/2.0/files/rooms/{id}
info @onlyoffice/documentation-declarations: start processing /api/2.0/files/rooms/{id}/archive
info @onlyoffice/documentation-declarations: start processing /api/2.0/files/rooms/{id}/unarchive
info @onlyoffice/documentation-declarations: start processing /api/2.0/files/rooms/{id}/share
info @onlyoffice/documentation-declarations: start processing /api/2.0/files/rooms/{id}/links
info @onlyoffice/documentation-declarations: start processing /api/2.0/files/rooms/{id}/link
info @onlyoffice/documentation-declarations: start processing /api/2.0/files/rooms/{id}/tags
info @onlyoffice/documentation-declarations: start processing /api/2.0/files/rooms/{id}/logo
info @onlyoffice/documentation-declarations: start processing /api/2.0/files/rooms/{id}/pin
info @onlyoffice/documentation-declarations: start processing /api/2.0/files/rooms/{id}/unpin
info @onlyoffice/documentation-declarations: start processing /api/2.0/files/rooms/{id}/resend
info @onlyoffice/documentation-declarations: start processing /api/2.0/files/rooms/thirdparty/{id}
info @onlyoffice/documentation-declarations: start processing /api/2.0/files/tags
warn @onlyoffice/documentation-declarations: unknown schema type: undefined
info @onlyoffice/documentation-declarations: start processing /api/2.0/files/logos
info @onlyoffice/documentation-declarations: start processing /api/2.0/files/rooms/accept
info @onlyoffice/documentation-declarations: start processing /api/2.0/privacyroom/access/{fileId}
info @onlyoffice/documentation-declarations: start processing /api/2.0/privacyroom/keys
info @onlyoffice/documentation-declarations: start processing /api/2.0/privacyroom
warn @onlyoffice/documentation-declarations: unknown schema type: undefined
warn @onlyoffice/documentation-declarations: unknown schema type: undefined
warn @onlyoffice/documentation-declarations: unknown schema type: undefined
warn @onlyoffice/documentation-declarations: unknown schema type: undefined
warn @onlyoffice/documentation-declarations: unknown schema type: undefined
warn @onlyoffice/documentation-declarations: unknown schema type: undefined
warn @onlyoffice/documentation-declarations: unknown schema type: undefined
warn @onlyoffice/documentation-declarations: unknown schema type: undefined
warn @onlyoffice/documentation-declarations: unknown schema type: undefined
warn @onlyoffice/documentation-declarations: unknown schema type: undefined
warn @onlyoffice/documentation-declarations: unknown schema type: undefined
info @onlyoffice/documentation-declarations: start processing /api/2.0/Authentication
info @onlyoffice/documentation-declarations: start processing /api/2.0/Authentication/{code}
info @onlyoffice/documentation-declarations: start processing /api/2.0/Authentication/logout
info @onlyoffice/documentation-declarations: start processing /api/2.0/Authentication/confirm
info @onlyoffice/documentation-declarations: start processing /api/2.0/Authentication/setphone
info @onlyoffice/documentation-declarations: start processing /api/2.0/Authentication/sendsms
info @onlyoffice/documentation-declarations: start processing /api/2.0/Capabilities
info @onlyoffice/documentation-declarations: start processing /api/2.0/Feed/read
info @onlyoffice/documentation-declarations: start processing /api/2.0/Feed/filter
info @onlyoffice/documentation-declarations: start processing /api/2.0/Feed/newfeedscount
info @onlyoffice/documentation-declarations: start processing /api/2.0/Modules
info @onlyoffice/documentation-declarations: start processing /api/2.0/Modules/info
info @onlyoffice/documentation-declarations: start processing /api/2.0/portal/payment/url
info @onlyoffice/documentation-declarations: start processing /api/2.0/portal/payment/update
info @onlyoffice/documentation-declarations: start processing /api/2.0/portal/payment/account
info @onlyoffice/documentation-declarations: start processing /api/2.0/portal/payment/prices
info @onlyoffice/documentation-declarations: start processing /api/2.0/portal/payment/currencies
info @onlyoffice/documentation-declarations: start processing /api/2.0/portal/payment/quotas
info @onlyoffice/documentation-declarations: start processing /api/2.0/portal/payment/quota
info @onlyoffice/documentation-declarations: start processing /api/2.0/portal/payment/request
info @onlyoffice/documentation-declarations: start processing /api/2.0/Portal
info @onlyoffice/documentation-declarations: start processing /api/2.0/Portal/users/{userID}
info @onlyoffice/documentation-declarations: start processing /api/2.0/Portal/users/invite/{employeeType}
info @onlyoffice/documentation-declarations: start processing /api/2.0/Portal/getshortenlink
info @onlyoffice/documentation-declarations: start processing /api/2.0/Portal/tenantextra
info @onlyoffice/documentation-declarations: start processing /api/2.0/Portal/usedspace
info @onlyoffice/documentation-declarations: start processing /api/2.0/Portal/userscount
info @onlyoffice/documentation-declarations: start processing /api/2.0/Portal/tariff
info @onlyoffice/documentation-declarations: start processing /api/2.0/Portal/quota
info @onlyoffice/documentation-declarations: start processing /api/2.0/Portal/quota/right
info @onlyoffice/documentation-declarations: start processing /api/2.0/Portal/path
info @onlyoffice/documentation-declarations: start processing /api/2.0/Portal/thumb
info @onlyoffice/documentation-declarations: start processing /api/2.0/Portal/present/mark
info @onlyoffice/documentation-declarations: start processing /api/2.0/Portal/mobile/registration
info @onlyoffice/documentation-declarations: start processing /api/2.0/Portal/portalrename
info @onlyoffice/documentation-declarations: start processing /api/2.0/Portal/deleteportalimmediately
info @onlyoffice/documentation-declarations: start processing /api/2.0/Portal/suspend
info @onlyoffice/documentation-declarations: start processing /api/2.0/Portal/delete
info @onlyoffice/documentation-declarations: start processing /api/2.0/Portal/continue
info @onlyoffice/documentation-declarations: start processing /api/2.0/Portal/sendcongratulations
info @onlyoffice/documentation-declarations: start processing /api/2.0/security/activeconnections
info @onlyoffice/documentation-declarations: start processing /api/2.0/security/activeconnections/logoutallchangepassword
info @onlyoffice/documentation-declarations: start processing /api/2.0/security/activeconnections/logoutall/{userId}
info @onlyoffice/documentation-declarations: start processing /api/2.0/security/activeconnections/logoutallexceptthis
info @onlyoffice/documentation-declarations: start processing /api/2.0/security/activeconnections/logout/{loginEventId}
info @onlyoffice/documentation-declarations: start processing /api/2.0/Security/audit/login/last
info @onlyoffice/documentation-declarations: start processing /api/2.0/Security/audit/events/last
info @onlyoffice/documentation-declarations: start processing /audit/login/filter
info @onlyoffice/documentation-declarations: start processing /audit/events/filter
warn @onlyoffice/documentation-declarations: unknown schema type: undefined
warn @onlyoffice/documentation-declarations: unknown schema type: undefined
info @onlyoffice/documentation-declarations: start processing /api/2.0/Security/audit/types
info @onlyoffice/documentation-declarations: start processing /audit/mappers
info @onlyoffice/documentation-declarations: start processing /api/2.0/Security/audit/login/report
info @onlyoffice/documentation-declarations: start processing /api/2.0/Security/audit/events/report
info @onlyoffice/documentation-declarations: start processing /api/2.0/Security/audit/settings/lifetime
info @onlyoffice/documentation-declarations: start processing /api/2.0/Security/csp
info @onlyoffice/documentation-declarations: start processing /api/2.0/settings/push/docregisterdevice
info @onlyoffice/documentation-declarations: start processing /api/2.0/settings/push/docsubscribe
info @onlyoffice/documentation-declarations: start processing /api/2.0/settings/customnavigation/getall
info @onlyoffice/documentation-declarations: start processing /api/2.0/settings/customnavigation/getsample
info @onlyoffice/documentation-declarations: start processing /api/2.0/settings/customnavigation/get/{id}
info @onlyoffice/documentation-declarations: start processing /api/2.0/settings/customnavigation/create
info @onlyoffice/documentation-declarations: start processing /api/2.0/settings/customnavigation/delete/{id}
info @onlyoffice/documentation-declarations: start processing /api/2.0/settings/customschemas
info @onlyoffice/documentation-declarations: start processing /api/2.0/settings/customschemas/{id}
info @onlyoffice/documentation-declarations: start processing /api/2.0/settings/greetingsettings
info @onlyoffice/documentation-declarations: start processing /api/2.0/settings/greetingsettings/isdefault
info @onlyoffice/documentation-declarations: start processing /api/2.0/settings/greetingsettings/restore
info @onlyoffice/documentation-declarations: start processing /api/2.0/settings/iprestrictions
info @onlyoffice/documentation-declarations: start processing /api/2.0/settings/iprestrictions/settings
info @onlyoffice/documentation-declarations: start processing /api/2.0/settings/ldap
info @onlyoffice/documentation-declarations: start processing /api/2.0/settings/ldap/cron
info @onlyoffice/documentation-declarations: start processing /api/2.0/settings/ldap/sync
info @onlyoffice/documentation-declarations: start processing /api/2.0/settings/ldap/sync/test
info @onlyoffice/documentation-declarations: start processing /api/2.0/settings/ldap/save/test
info @onlyoffice/documentation-declarations: start processing /api/2.0/settings/ldap/status
info @onlyoffice/documentation-declarations: start processing /api/2.0/settings/ldap/default
info @onlyoffice/documentation-declarations: start processing /api/2.0/settings/license/refresh
info @onlyoffice/documentation-declarations: start processing /api/2.0/settings/license/accept
info @onlyoffice/documentation-declarations: start processing /api/2.0/settings/license/trial
info @onlyoffice/documentation-declarations: start processing /api/2.0/settings/license/required
info @onlyoffice/documentation-declarations: start processing /api/2.0/settings/license
info @onlyoffice/documentation-declarations: start processing /api/2.0/settings/messagesettings
info @onlyoffice/documentation-declarations: start processing /api/2.0/settings/cookiesettings
info @onlyoffice/documentation-declarations: start processing /api/2.0/settings/sendadmmail
info @onlyoffice/documentation-declarations: start processing /api/2.0/settings/sendjoininvite
info @onlyoffice/documentation-declarations: start processing /api/2.0/settings/notification/{type}
info @onlyoffice/documentation-declarations: start processing /api/2.0/settings/notification
info @onlyoffice/documentation-declarations: start processing /api/2.0/settings/notification/rooms
info @onlyoffice/documentation-declarations: start processing /api/2.0/settings/owner
info @onlyoffice/documentation-declarations: start processing /api/2.0/settings/carddavurl
warn @onlyoffice/documentation-declarations: unknown schema type: undefined
warn @onlyoffice/documentation-declarations: unknown schema type: undefined
info @onlyoffice/documentation-declarations: start processing /api/2.0/settings/deletebook
info @onlyoffice/documentation-declarations: start processing /api/2.0/settings/security
info @onlyoffice/documentation-declarations: start processing /api/2.0/settings/security/{id}
info @onlyoffice/documentation-declarations: start processing /api/2.0/settings/security/modules
info @onlyoffice/documentation-declarations: start processing /api/2.0/settings/security/password
info @onlyoffice/documentation-declarations: start processing /api/2.0/settings/security/access
info @onlyoffice/documentation-declarations: start processing /api/2.0/settings/security/administrator/{productid}
info @onlyoffice/documentation-declarations: start processing /api/2.0/settings/security/administrator
info @onlyoffice/documentation-declarations: start processing /api/2.0/settings/security/loginSettings
info @onlyoffice/documentation-declarations: start processing /api/2.0/settings
info @onlyoffice/documentation-declarations: start processing /api/2.0/settings/maildomainsettings
info @onlyoffice/documentation-declarations: start processing /api/2.0/settings/quota
info @onlyoffice/documentation-declarations: start processing /api/2.0/settings/userquotasettings
info @onlyoffice/documentation-declarations: start processing /api/2.0/settings/cultures
info @onlyoffice/documentation-declarations: start processing /api/2.0/settings/timezones
info @onlyoffice/documentation-declarations: start processing /api/2.0/settings/machine
info @onlyoffice/documentation-declarations: start processing /api/2.0/settings/dns
info @onlyoffice/documentation-declarations: start processing /api/2.0/settings/recalculatequota
info @onlyoffice/documentation-declarations: start processing /api/2.0/settings/checkrecalculatequota
info @onlyoffice/documentation-declarations: start processing /api/2.0/settings/logo
info @onlyoffice/documentation-declarations: start processing /api/2.0/settings/wizard/complete
info @onlyoffice/documentation-declarations: start processing /api/2.0/settings/welcome/close
info @onlyoffice/documentation-declarations: start processing /api/2.0/settings/colortheme
info @onlyoffice/documentation-declarations: start processing /api/2.0/settings/closeadminhelper
info @onlyoffice/documentation-declarations: start processing /api/2.0/settings/timeandlanguage
info @onlyoffice/documentation-declarations: start processing /api/2.0/settings/defaultpage
info @onlyoffice/documentation-declarations: start processing /api/2.0/settings/emailactivation
info @onlyoffice/documentation-declarations: start processing /api/2.0/settings/statistics/spaceusage/{id}
info @onlyoffice/documentation-declarations: start processing /api/2.0/settings/statistics/visit
info @onlyoffice/documentation-declarations: start processing /api/2.0/settings/socket
info @onlyoffice/documentation-declarations: start processing /api/2.0/settings/authservice
info @onlyoffice/documentation-declarations: start processing /api/2.0/settings/payment
info @onlyoffice/documentation-declarations: start processing /api/2.0/settings/telegramlink
info @onlyoffice/documentation-declarations: start processing /api/2.0/settings/telegramisconnected
info @onlyoffice/documentation-declarations: start processing /api/2.0/settings/telegramdisconnect
info @onlyoffice/documentation-declarations: start processing /api/2.0/settings/ssov2
info @onlyoffice/documentation-declarations: start processing /api/2.0/settings/ssov2/default
info @onlyoffice/documentation-declarations: start processing /api/2.0/settings/ssov2/constants
info @onlyoffice/documentation-declarations: start processing /api/2.0/settings/storage
info @onlyoffice/documentation-declarations: start processing /api/2.0/settings/storage/progress
info @onlyoffice/documentation-declarations: start processing /api/2.0/settings/encryption/start
info @onlyoffice/documentation-declarations: start processing /api/2.0/settings/encryption/settings
info @onlyoffice/documentation-declarations: start processing /api/2.0/settings/encryption/progress
info @onlyoffice/documentation-declarations: start processing /api/2.0/settings/storage/cdn
info @onlyoffice/documentation-declarations: start processing /api/2.0/settings/storage/backup
info @onlyoffice/documentation-declarations: start processing /api/2.0/settings/storage/s3/regions
info @onlyoffice/documentation-declarations: start processing /api/2.0/settings/tfaapp
info @onlyoffice/documentation-declarations: start processing /api/2.0/settings/tfaapp/validate
info @onlyoffice/documentation-declarations: start processing /api/2.0/settings/tfaapp/confirm
info @onlyoffice/documentation-declarations: start processing /api/2.0/settings/tfaappwithlink
info @onlyoffice/documentation-declarations: start processing /api/2.0/settings/tfaapp/setup
info @onlyoffice/documentation-declarations: start processing /api/2.0/settings/tfaappcodes
warn @onlyoffice/documentation-declarations: unknown schema type: undefined
info @onlyoffice/documentation-declarations: start processing /api/2.0/settings/tfaappnewcodes
warn @onlyoffice/documentation-declarations: unknown schema type: undefined
info @onlyoffice/documentation-declarations: start processing /api/2.0/settings/tfaappnewapp
info @onlyoffice/documentation-declarations: start processing /api/2.0/settings/tips
info @onlyoffice/documentation-declarations: start processing /api/2.0/settings/tips/change/subscription
info @onlyoffice/documentation-declarations: start processing /api/2.0/settings/tips/subscription
info @onlyoffice/documentation-declarations: start processing /api/2.0/settings/version/build
info @onlyoffice/documentation-declarations: start processing /api/2.0/settings/version
info @onlyoffice/documentation-declarations: start processing /api/2.0/settings/webhook
info @onlyoffice/documentation-declarations: start processing /api/2.0/settings/webhook/{id}
info @onlyoffice/documentation-declarations: start processing /api/2.0/settings/webhooks/log
info @onlyoffice/documentation-declarations: start processing /api/2.0/settings/webhook/{id}/retry
info @onlyoffice/documentation-declarations: start processing /api/2.0/settings/webhook/retry
info @onlyoffice/documentation-declarations: start processing /api/2.0/settings/webhooks
info @onlyoffice/documentation-declarations: start processing /api/2.0/settings/webplugins
info @onlyoffice/documentation-declarations: start processing /api/2.0/settings/webplugins/{name}
info @onlyoffice/documentation-declarations: start processing /api/2.0/settings/whitelabel/save
info @onlyoffice/documentation-declarations: start processing /api/2.0/settings/whitelabel/savefromfiles
info @onlyoffice/documentation-declarations: start processing /api/2.0/settings/whitelabel/logos
info @onlyoffice/documentation-declarations: start processing /api/2.0/settings/whitelabel/logos/isdefault
info @onlyoffice/documentation-declarations: start processing /api/2.0/settings/whitelabel/logotext
info @onlyoffice/documentation-declarations: start processing /api/2.0/settings/whitelabel/restore
info @onlyoffice/documentation-declarations: start processing /api/2.0/settings/companywhitelabel
info @onlyoffice/documentation-declarations: start processing /api/2.0/settings/rebranding/company
info @onlyoffice/documentation-declarations: start processing /api/2.0/settings/rebranding/additional
info @onlyoffice/documentation-declarations: start processing /api/2.0/settings/rebranding/mail
info @onlyoffice/documentation-declarations: start processing /api/2.0/settings/enableWhitelabel
info @onlyoffice/documentation-declarations: start processing /api/2.0/SmtpSettings/smtp
info @onlyoffice/documentation-declarations: start processing /api/2.0/SmtpSettings/smtp/test
info @onlyoffice/documentation-declarations: start processing /api/2.0/SmtpSettings/smtp/test/status
info @onlyoffice/documentation-declarations: start processing /api/2.0/ThirdParty/{provider}
info @onlyoffice/documentation-declarations: start processing /api/2.0/ThirdParty/{provider}/code
